[0m12:49:44.576942 [debug] [MainThread]: Sending event: {'category': 'dbt', 'action': 'invocation', 'label': 'start', 'context': [<snowplow_tracker.self_describing_json.SelfDescribingJson object at 0x00000205360C5C00>, <snowplow_tracker.self_describing_json.SelfDescribingJson object at 0x00000205381B3C10>, <snowplow_tracker.self_describing_json.SelfDescribingJson object at 0x00000205381B3FD0>]}


============================== 12:49:44.576942 | 1ecfa3eb-fab4-441e-b8dc-e07e1dcd2a24 ==============================
[0m12:49:44.576942 [info ] [MainThread]: Running with dbt=1.11.8
[0m12:49:44.586992 [debug] [MainThread]: running dbt with arguments {'static_parser': 'True', 'no_print': 'None', 'version_check': 'True', 'warn_error_options': 'WarnErrorOptionsV2(error=[], warn=[], silence=[])', 'target_path': 'None', 'printer_width': '80', 'write_json': 'True', 'empty': 'None', 'log_cache_events': 'False', 'introspect': 'True', 'cache_selected_only': 'False', 'fail_fast': 'False', 'debug': 'False', 'log_format': 'default', 'profiles_dir': 'C:\\Users\\MAXIM\\.dbt', 'send_anonymous_usage_stats': 'True', 'quiet': 'False', 'warn_error': 'None', 'partial_parse': 'True', 'indirect_selection': 'eager', 'invocation_command': 'dbt init olist_transform', 'use_colors': 'True', 'use_experimental_parser': 'False', 'log_path': 'logs'}
[0m12:49:44.650559 [info ] [MainThread]: Creating dbt configuration folder at C:\Users\MAXIM\.dbt
[0m12:49:44.655537 [debug] [MainThread]: Starter project path: D:\Data_Analysis\data_engineer\pet_project_olist-analytics\venv\lib\site-packages\dbt\include\starter_project
[0m12:49:44.761330 [info ] [MainThread]: 
Your new dbt project "olist_transform" was created!

For more information on how to configure the profiles.yml file,
please consult the dbt documentation here:

  https://docs.getdbt.com/docs/configure-your-profile

One more thing:

Need help? Don't hesitate to reach out to us via GitHub issues or on Slack:

  https://community.getdbt.com/

Happy modeling!

[0m12:49:44.761330 [info ] [MainThread]: Setting up your profile.
[0m13:00:15.862668 [info ] [MainThread]: Profile olist_transform written to C:\Users\MAXIM\.dbt\profiles.yml using target's profile_template.yml and your supplied values. Run 'dbt debug' to validate the connection.
[0m13:00:15.868101 [debug] [MainThread]: Command `dbt init` succeeded at 13:00:15.867286 after 631.59 seconds
[0m13:00:15.869749 [debug] [MainThread]: Sending event: {'category': 'dbt', 'action': 'invocation', 'label': 'end', 'context': [<snowplow_tracker.self_describing_json.SelfDescribingJson object at 0x00000205360C5C00>, <snowplow_tracker.self_describing_json.SelfDescribingJson object at 0x00000205414AEBC0>, <snowplow_tracker.self_describing_json.SelfDescribingJson object at 0x00000205381AD810>]}
[0m13:00:15.871751 [debug] [MainThread]: Flushing usage events
[0m13:00:16.764328 [debug] [MainThread]: An error was encountered while trying to flush usage events
[0m13:05:58.267855 [debug] [MainThread]: Sending event: {'category': 'dbt', 'action': 'invocation', 'label': 'start', 'context': [<snowplow_tracker.self_describing_json.SelfDescribingJson object at 0x000001C35CCA1C90>, <snowplow_tracker.self_describing_json.SelfDescribingJson object at 0x000001C35A71C100>, <snowplow_tracker.self_describing_json.SelfDescribingJson object at 0x000001C35A71CFA0>]}


============================== 13:05:58.274399 | f1a3dfba-31f0-481c-a9d1-97da70fe4cc4 ==============================
[0m13:05:58.274399 [info ] [MainThread]: Running with dbt=1.11.8
[0m13:05:58.274399 [debug] [MainThread]: running dbt with arguments {'static_parser': 'True', 'no_print': 'None', 'version_check': 'True', 'target_path': 'None', 'warn_error_options': 'WarnErrorOptionsV2(error=[], warn=[], silence=[])', 'printer_width': '80', 'write_json': 'True', 'introspect': 'True', 'log_cache_events': 'False', 'empty': 'False', 'cache_selected_only': 'False', 'log_format': 'default', 'debug': 'False', 'fail_fast': 'False', 'profiles_dir': 'C:\\Users\\MAXIM\\.dbt', 'send_anonymous_usage_stats': 'True', 'quiet': 'False', 'warn_error': 'None', 'partial_parse': 'True', 'indirect_selection': 'eager', 'use_colors': 'True', 'invocation_command': 'dbt run', 'use_experimental_parser': 'False', 'log_path': 'logs'}
[0m13:05:58.274399 [error] [MainThread]: Encountered an error:
Runtime Error
  No dbt_project.yml found at expected path D:\Data_Analysis\data_engineer\pet_project_olist-analytics\dbt_project.yml
  Verify that each entry within packages.yml (and their transitive dependencies) contains a file named dbt_project.yml
  
[0m13:05:58.274399 [debug] [MainThread]: Command `dbt run` failed at 13:05:58.274399 after 0.25 seconds
[0m13:05:58.284412 [debug] [MainThread]: Sending event: {'category': 'dbt', 'action': 'invocation', 'label': 'end', 'context': [<snowplow_tracker.self_describing_json.SelfDescribingJson object at 0x000001C35CCA1C90>, <snowplow_tracker.self_describing_json.SelfDescribingJson object at 0x000001C35A71FF10>, <snowplow_tracker.self_describing_json.SelfDescribingJson object at 0x000001C35ECC36D0>]}
[0m13:05:58.286792 [debug] [MainThread]: Flushing usage events
[0m13:05:59.068454 [debug] [MainThread]: An error was encountered while trying to flush usage events
